Error: listen EADDRINUSE :::3001
    at Object._errnoException (util.js:1041:11)
    at _exceptionWithHostPort (util.js:1064:20)
    at Server.setupListenHandle [as _listen2] (net.js:1322:14)
    at listenInCluster (net.js:1370:12)
    at Server.listen (net.js:1466:7)
    at Object.<anonymous> (/Users/vedmant/Projects/_My/MY-09 MyLittleBitcoin/Repo/src/server.js:82:6)
    at Module._compile (module.js:573:30)
    at Object.Module._extensions..js (module.js:584:10)
    at Module.load (module.js:507:32)
    at tryModuleLoad (module.js:470:12)
Error: listen EADDRINUSE :::3001
    at Object._errnoException (util.js:1041:11)
    at _exceptionWithHostPort (util.js:1064:20)
    at Server.setupListenHandle [as _listen2] (net.js:1322:14)
    at listenInCluster (net.js:1370:12)
    at Server.listen (net.js:1466:7)
    at Object.<anonymous> (/Users/vedmant/Projects/_My/MY-09 MyLittleBitcoin/Repo/src/server.js:82:6)
    at Module._compile (module.js:573:30)
    at Object.Module._extensions..js (module.js:584:10)
    at Module.load (module.js:507:32)
    at tryModuleLoad (module.js:470:12)
Error: listen EADDRINUSE :::3001
    at Object._errnoException (util.js:1041:11)
    at _exceptionWithHostPort (util.js:1064:20)
    at Server.setupListenHandle [as _listen2] (net.js:1322:14)
    at listenInCluster (net.js:1370:12)
    at Server.listen (net.js:1466:7)
    at Object.<anonymous> (/Users/vedmant/Projects/_My/MY-09 MyLittleBitcoin/Repo/src/server.js:82:6)
    at Module._compile (module.js:573:30)
    at Object.Module._extensions..js (module.js:584:10)
    at Module.load (module.js:507:32)
    at tryModuleLoad (module.js:470:12)
Error: listen EADDRINUSE :::3001
    at Object._errnoException (util.js:1041:11)
    at _exceptionWithHostPort (util.js:1064:20)
    at Server.setupListenHandle [as _listen2] (net.js:1322:14)
    at listenInCluster (net.js:1370:12)
    at Server.listen (net.js:1466:7)
    at Object.<anonymous> (/Users/vedmant/Projects/_My/MY-09 MyLittleBitcoin/Repo/src/server.js:82:6)
    at Module._compile (module.js:573:30)
    at Object.Module._extensions..js (module.js:584:10)
    at Module.load (module.js:507:32)
    at tryModuleLoad (module.js:470:12)
Error: listen EADDRINUSE :::3001
    at Object._errnoException (util.js:1041:11)
    at _exceptionWithHostPort (util.js:1064:20)
    at Server.setupListenHandle [as _listen2] (net.js:1322:14)
    at listenInCluster (net.js:1370:12)
    at Server.listen (net.js:1466:7)
    at Object.<anonymous> (/Users/vedmant/Projects/_My/MY-09 MyLittleBitcoin/Repo/src/server.js:82:6)
    at Module._compile (module.js:573:30)
    at Object.Module._extensions..js (module.js:584:10)
    at Module.load (module.js:507:32)
    at tryModuleLoad (module.js:470:12)
Error: listen EADDRINUSE :::3001
    at Object._errnoException (util.js:1041:11)
    at _exceptionWithHostPort (util.js:1064:20)
    at Server.setupListenHandle [as _listen2] (net.js:1322:14)
    at listenInCluster (net.js:1370:12)
    at Server.listen (net.js:1466:7)
    at Object.<anonymous> (/Users/vedmant/Projects/_My/MY-09 MyLittleBitcoin/Repo/src/server.js:82:6)
    at Module._compile (module.js:573:30)
    at Object.Module._extensions..js (module.js:584:10)
    at Module.load (module.js:507:32)
    at tryModuleLoad (module.js:470:12)
Error: listen EADDRINUSE :::3001
    at Object._errnoException (util.js:1041:11)
    at _exceptionWithHostPort (util.js:1064:20)
    at Server.setupListenHandle [as _listen2] (net.js:1322:14)
    at listenInCluster (net.js:1370:12)
    at Server.listen (net.js:1466:7)
    at Object.<anonymous> (/Users/vedmant/Projects/_My/MY-09 MyLittleBitcoin/Repo/src/server.js:82:6)
    at Module._compile (module.js:573:30)
    at Object.Module._extensions..js (module.js:584:10)
    at Module.load (module.js:507:32)
    at tryModuleLoad (module.js:470:12)
Error: listen EADDRINUSE :::3001
    at Object._errnoException (util.js:1041:11)
    at _exceptionWithHostPort (util.js:1064:20)
    at Server.setupListenHandle [as _listen2] (net.js:1322:14)
    at listenInCluster (net.js:1370:12)
    at Server.listen (net.js:1466:7)
    at Object.<anonymous> (/Users/vedmant/Projects/_My/MY-09 MyLittleBitcoin/Repo/src/server.js:82:6)
    at Module._compile (module.js:573:30)
    at Object.Module._extensions..js (module.js:584:10)
    at Module.load (module.js:507:32)
    at tryModuleLoad (module.js:470:12)
Error: listen EADDRINUSE :::3001
    at Object._errnoException (util.js:1041:11)
    at _exceptionWithHostPort (util.js:1064:20)
    at Server.setupListenHandle [as _listen2] (net.js:1322:14)
    at listenInCluster (net.js:1370:12)
    at Server.listen (net.js:1466:7)
    at Object.<anonymous> (/Users/vedmant/Projects/_My/MY-09 MyLittleBitcoin/Repo/src/server.js:82:6)
    at Module._compile (module.js:573:30)
    at Object.Module._extensions..js (module.js:584:10)
    at Module.load (module.js:507:32)
    at tryModuleLoad (module.js:470:12)
Error: listen EADDRINUSE :::3001
    at Object._errnoException (util.js:1041:11)
    at _exceptionWithHostPort (util.js:1064:20)
    at Server.setupListenHandle [as _listen2] (net.js:1322:14)
    at listenInCluster (net.js:1370:12)
    at Server.listen (net.js:1466:7)
    at Object.<anonymous> (/Users/vedmant/Projects/_My/MY-09 MyLittleBitcoin/Repo/src/server.js:82:6)
    at Module._compile (module.js:573:30)
    at Object.Module._extensions..js (module.js:584:10)
    at Module.load (module.js:507:32)
    at tryModuleLoad (module.js:470:12)
Error: listen EADDRINUSE :::3001
    at Object._errnoException (util.js:1041:11)
    at _exceptionWithHostPort (util.js:1064:20)
    at Server.setupListenHandle [as _listen2] (net.js:1322:14)
    at listenInCluster (net.js:1370:12)
    at Server.listen (net.js:1466:7)
    at Object.<anonymous> (/Users/vedmant/Projects/_My/MY-09 MyLittleBitcoin/Repo/src/server.js:82:6)
    at Module._compile (module.js:573:30)
    at Object.Module._extensions..js (module.js:584:10)
    at Module.load (module.js:507:32)
    at tryModuleLoad (module.js:470:12)
Error: listen EADDRINUSE :::3001
    at Object._errnoException (util.js:1041:11)
    at _exceptionWithHostPort (util.js:1064:20)
    at Server.setupListenHandle [as _listen2] (net.js:1322:14)
    at listenInCluster (net.js:1370:12)
    at Server.listen (net.js:1466:7)
    at Object.<anonymous> (/Users/vedmant/Projects/_My/MY-09 MyLittleBitcoin/Repo/src/server.js:82:6)
    at Module._compile (module.js:573:30)
    at Object.Module._extensions..js (module.js:584:10)
    at Module.load (module.js:507:32)
    at tryModuleLoad (module.js:470:12)
Error: listen EADDRINUSE :::3001
    at Object._errnoException (util.js:1041:11)
    at _exceptionWithHostPort (util.js:1064:20)
    at Server.setupListenHandle [as _listen2] (net.js:1322:14)
    at listenInCluster (net.js:1370:12)
    at Server.listen (net.js:1466:7)
    at Object.<anonymous> (/Users/vedmant/Projects/_My/MY-09 MyLittleBitcoin/Repo/src/server.js:82:6)
    at Module._compile (module.js:573:30)
    at Object.Module._extensions..js (module.js:584:10)
    at Module.load (module.js:507:32)
    at tryModuleLoad (module.js:470:12)
Error: listen EADDRINUSE :::3001
    at Object._errnoException (util.js:1041:11)
    at _exceptionWithHostPort (util.js:1064:20)
    at Server.setupListenHandle [as _listen2] (net.js:1322:14)
    at listenInCluster (net.js:1370:12)
    at Server.listen (net.js:1466:7)
    at Object.<anonymous> (/Users/vedmant/Projects/_My/MY-09 MyLittleBitcoin/Repo/src/server.js:82:6)
    at Module._compile (module.js:573:30)
    at Object.Module._extensions..js (module.js:584:10)
    at Module.load (module.js:507:32)
    at tryModuleLoad (module.js:470:12)
Error: listen EADDRINUSE :::3001
    at Object._errnoException (util.js:1041:11)
    at _exceptionWithHostPort (util.js:1064:20)
    at Server.setupListenHandle [as _listen2] (net.js:1322:14)
    at listenInCluster (net.js:1370:12)
    at Server.listen (net.js:1466:7)
    at Object.<anonymous> (/Users/vedmant/Projects/_My/MY-09 MyLittleBitcoin/Repo/src/server.js:82:6)
    at Module._compile (module.js:573:30)
    at Object.Module._extensions..js (module.js:584:10)
    at Module.load (module.js:507:32)
    at tryModuleLoad (module.js:470:12)
Error: listen EADDRINUSE :::3001
    at Object._errnoException (util.js:1041:11)
    at _exceptionWithHostPort (util.js:1064:20)
    at Server.setupListenHandle [as _listen2] (net.js:1322:14)
    at listenInCluster (net.js:1370:12)
    at Server.listen (net.js:1466:7)
    at Object.<anonymous> (/Users/vedmant/Projects/_My/MY-09 MyLittleBitcoin/Repo/src/server.js:82:6)
    at Module._compile (module.js:573:30)
    at Object.Module._extensions..js (module.js:584:10)
    at Module.load (module.js:507:32)
    at tryModuleLoad (module.js:470:12)
